<?xml version="1.0" encoding="UTF-8"?>
<testng-results skipped="0" failed="1" ignored="0" total="3" passed="2">
  <reporter-output>
  </reporter-output>
  <suite name="Suite" duration-ms="29482" started-at="2021-06-27T21:29:42 IST" finished-at="2021-06-27T21:30:11 IST">
    <groups>
    </groups>
    <test name="Test" duration-ms="19924" started-at="2021-06-27T21:29:42 IST" finished-at="2021-06-27T21:30:02 IST">
      <class name="tests.HomePageTest">
        <test-method status="PASS" signature="setUp()[pri:0, instance:tests.HomePageTest@1c93084c]" name="setUp" is-config="true" duration-ms="18577" started-at="2021-06-27T21:29:42 IST" finished-at="2021-06-27T21:30:01 IST">
          <reporter-output>
          </reporter-output>
        </test-method> <!-- setUp -->
        <test-method status="FAIL" signature="homePageValidation()[pri:0, instance:tests.HomePageTest@1c93084c]" name="homePageValidation" duration-ms="90" started-at="2021-06-27T21:30:01 IST" finished-at="2021-06-27T21:30:01 IST">
          <exception class="java.lang.AssertionError">
            <message>
              <![CDATA[expected [FEATURED COURSE] but found [FEATURED COURSES]]]>
            </message>
            <full-stacktrace>
              <![CDATA[java.lang.AssertionError: expected [FEATURED COURSE] but found [FEATURED COURSES]
at org.testng.Assert.fail(Assert.java:99)
at org.testng.Assert.failNotEquals(Assert.java:1037)
at org.testng.Assert.assertEqualsImpl(Assert.java:140)
at org.testng.Assert.assertEquals(Assert.java:122)
at org.testng.Assert.assertEquals(Assert.java:629)
at org.testng.Assert.assertEquals(Assert.java:639)
at tests.HomePageTest.homePageValidation(HomePageTest.java:33)
at sun.reflect.NativeMethodAccessorImpl.invoke0(Native Method)
at sun.reflect.NativeMethodAccessorImpl.invoke(NativeMethodAccessorImpl.java:62)
at sun.reflect.DelegatingMethodAccessorImpl.invoke(DelegatingMethodAccessorImpl.java:43)
at java.lang.reflect.Method.invoke(Method.java:498)
at org.testng.internal.MethodInvocationHelper.invokeMethod(MethodInvocationHelper.java:133)
at org.testng.internal.TestInvoker.invokeMethod(TestInvoker.java:598)
at org.testng.internal.TestInvoker.invokeTestMethod(TestInvoker.java:173)
at org.testng.internal.MethodRunner.runInSequence(MethodRunner.java:46)
at org.testng.internal.TestInvoker$MethodInvocationAgent.invoke(TestInvoker.java:824)
at org.testng.internal.TestInvoker.invokeTestMethods(TestInvoker.java:146)
at org.testng.internal.TestMethodWorker.invokeTestMethods(TestMethodWorker.java:146)
at org.testng.internal.TestMethodWorker.run(TestMethodWorker.java:128)
at java.util.ArrayList.forEach(ArrayList.java:1259)
at org.testng.TestRunner.privateRun(TestRunner.java:794)
at org.testng.TestRunner.run(TestRunner.java:596)
at org.testng.SuiteRunner.runTest(SuiteRunner.java:377)
at org.testng.SuiteRunner.access$000(SuiteRunner.java:28)
at org.testng.SuiteRunner$SuiteWorker.run(SuiteRunner.java:418)
at org.testng.internal.thread.ThreadUtil.lambda$execute$0(ThreadUtil.java:64)
at java.util.concurrent.FutureTask.run(FutureTask.java:266)
at java.util.concurrent.ThreadPoolExecutor.runWorker(ThreadPoolExecutor.java:1149)
at java.util.concurrent.ThreadPoolExecutor$Worker.run(ThreadPoolExecutor.java:624)
at java.lang.Thread.run(Thread.java:748)
]]>
            </full-stacktrace>
          </exception> <!-- java.lang.AssertionError -->
          <reporter-output>
          </reporter-output>
        </test-method> <!-- homePageValidation -->
        <test-method status="PASS" signature="tearDown()[pri:0, instance:tests.HomePageTest@1c93084c]" name="tearDown" is-config="true" duration-ms="666" started-at="2021-06-27T21:30:01 IST" finished-at="2021-06-27T21:30:02 IST">
          <reporter-output>
          </reporter-output>
        </test-method> <!-- tearDown -->
      </class> <!-- tests.HomePageTest -->
    </test> <!-- Test -->
    <test name="Test1" duration-ms="29482" started-at="2021-06-27T21:29:42 IST" finished-at="2021-06-27T21:30:11 IST">
      <class name="tests.LoginPageTest">
        <test-method status="PASS" signature="setUp()[pri:0, instance:tests.LoginPageTest@6a28ffa4]" name="setUp" is-config="true" duration-ms="23907" started-at="2021-06-27T21:29:42 IST" finished-at="2021-06-27T21:30:06 IST">
          <reporter-output>
          </reporter-output>
        </test-method> <!-- setUp -->
        <test-method status="PASS" signature="validateLoginPage(java.lang.String,java.lang.String)[pri:0, instance:tests.LoginPageTest@6a28ffa4]" name="validateLoginPage" duration-ms="2423" started-at="2021-06-27T21:30:06 IST" data-provider="getData" finished-at="2021-06-27T21:30:08 IST">
          <params>
            <param index="0">
              <value>
                <![CDATA[dhananjaypandey06@gmail.com]]>
              </value>
            </param>
            <param index="1">
              <value>
                <![CDATA[helloworld]]>
              </value>
            </param>
          </params>
          <reporter-output>
          </reporter-output>
        </test-method> <!-- validateLoginPage -->
        <test-method status="PASS" signature="validateLoginPage(java.lang.String,java.lang.String)[pri:0, instance:tests.LoginPageTest@6a28ffa4]" name="validateLoginPage" duration-ms="2465" started-at="2021-06-27T21:30:08 IST" data-provider="getData" finished-at="2021-06-27T21:30:11 IST">
          <params>
            <param index="0">
              <value>
                <![CDATA[asswhole@gmail.com]]>
              </value>
            </param>
            <param index="1">
              <value>
                <![CDATA[helloworld]]>
              </value>
            </param>
          </params>
          <reporter-output>
          </reporter-output>
        </test-method> <!-- validateLoginPage -->
        <test-method status="PASS" signature="tearDown()[pri:0, instance:tests.LoginPageTest@6a28ffa4]" name="tearDown" is-config="true" duration-ms="669" started-at="2021-06-27T21:30:11 IST" finished-at="2021-06-27T21:30:11 IST">
          <reporter-output>
          </reporter-output>
        </test-method> <!-- tearDown -->
      </class> <!-- tests.LoginPageTest -->
    </test> <!-- Test1 -->
  </suite> <!-- Suite -->
</testng-results>
